RPRRRPRRRPRPPSSSSSSSSSSSSSSSSSSS
RPRRRPRRRPRRRPRRRPRRRPRRRPRRPSSS
RPRRRPRRRPRRRPRRRPRRPSPPPPPPPPPP
RPRRRPRRRPRRRPRRRPPSPPSSSSSSSSSS
RPRRRPRRRPRPPSPPPSPPPSPPPPPPPPPP
RPRPPSPPPSPPPSSSSSSSSSSSSSSSSSSS
RPRRRPRRRPRRRPRRRPRRRPRRRPRRPSSS
RPRRRPRRRPRRRPRRRPRRRPRRPSSSSSSS
RPRRRPRRPSPPPSPPPSPPPSSSSSSSSSSS
RPRRRPRRRPRRRPRRRPRRPSPPSSSSSSSS
RPRRPSPPPSPPPPPPPPPPPPPPPPPPPPPP
RPRRRPRRRPRRRPRRRPRRRPRRRPRRPSSS
RPRRRPRRRPRPSSSSSSSSSSSSSSSSSSSS
RPRRRPRRRPRRRPRRRPPSSSSSSSSSSSSS
RPRRRPRRRPRRRPRRRPRRRPRRRPRPPSSS
RPRRRPRRRPRRRPRRRPRRPSPPPSPPPPPP
RPRRRPRRRPRRRPRSSSSSSSSSSSSSSSSS
RPRRPSPPPSPPPSPPPSPPPSPPPSPPPPPP
RPRRRPRRRPRRRPRRRPRRPSPPPPPPPPPP
RPRRRPRRRPRRRPRRRPRRRPRRRPRRRPPS
RPRRRPRRPSPPPSPSSSSSSSSSSSSSSSSS
RPRRRPRPPSPPPSPPPSPPPSPPPSPPPSSS
RPPSPPPSPPPSPSSSSSSSSSSSSSSSSSSS
RPRRRPRRRPRRRPRRRPRRRPRRPSPPPSSS
RPRRRPRRRPRRRPRRRPRRPSPSSSSSSSSS
RPRRRPRPPSPPSSSSSSSSSSSSSSSSSSSS
RPRRRPRRRPRRRPRRRPRPPSPSSSSSSSSS
RPRRRPRPPSPPPSPPPSPPSSSSSSSSSSSS
RPRRRPRRRPRRRPRRRPPSPPPSSSSSSSSS
RPRRRPRRRPRRRPRRRPRRRPRRRPRPPSPS
RPRRRPRRPSPPPSPPPSSSSSSSSSSSSSSS
RPRRRPPSPPPSPPPSPPPSPPPSPPPSPSSS
RPRRPSPPPSPPSSSSSSSSSSSSSSSSSSSS
RPRRRPRRRPRRRPRRRPRRRPRPPSPPPSPS
RPRRRPRRRPPSPPPSPSSSSSSSSSSSSSSS
RPRRPSPPPSPPPSPPPPPPPPPPPPPPPPPP
RPRRRPRPPSPPPSPPPSPPPSPPPSPPPSSS
RPRRRPRRRPRPPSPPPPPPPPPPPPPPPPPP
RPRRRPRRRPRRRPRRRPRRRPPSPPSSSSSS
RPRRPSPPPSPPPSPPPSPPPPPPPPPPPPPP
RPRRRPRRRPRRRPRRRPPSPPPSSSSSSSSS
RPRRRPRRRPRRRPRRRPRRRPRRRPPSPPSS
RPRRRPRRRPRRRPRPPSPPPSPPPSPPSSSS
RPRPPSPPPSPPPSPPPSPPPSPPPSSSSSSS
RPPSPPPSPPPSSSSSSSSSSSSSSSSSSSSS
RPRRRPRRRPRRRPRRPSPPPSPPPSSSSSSS
RPPSPPPSPPPSPPPSPPPSPPPSPPPSPPPP
RPRRRPRRPSPPPSPPPSPPPSPPPPPPPPPP
RPRRRPRRRPRRRPRRRPRRRPRRRPPSPSSS
RPRPPSPPPSPPPSPPPSPPPSPPPSPPPPPP
