RPRRRPRRRPRRRPRRRPRRRPRRRPSSSSSS
RPRRRPRRRPRRRPRRRPRRRPRRRPRRRPPS
RPRRRPRRRPRRRPRRRPRRRPRRRPSSSSS
RPRRRPRRRPRRRPRRRPRRRPRRPSPPPPPP
RPRRRPRRRPRRRPRRRPPSPPPSPPPPPPPP
RPRRRPRRRPRRRPRRRPRRRPRRRPRRRPPS
RPRRRPRRRPRRRPRPPSPPPSPPSSSSSSSS
RPRPPSPPPSPPPSPPPSPPPSPPSSSSSSSS
RPRPPSPPPSPPPSPPPSPPPSPSSSSSSSSS
RPRRRPRRPSPPPSPSSSSSSSSSSSSSSSSS
RPRRRPRRRPRRRPRRRPRRRPRPPSPPSSSS
RPRRRPRRRPRRRPRRRPPSPPPSPPPSPPSS
RPRPPSPPPSSSSSSSSSSSSSSSSSSSSSSS
RPRRRPRRRPRRRPRRRPRRRPPSPPPSPSSS
RPRRRPRRRPRRRPRRRPRRRPRRRPSSSSS
RPRRRPRPPSPPPSPPPSPPPSSSSSSSSSSS
RPRRPSPPPSPPPSSSSSSSSSSSSSSSSSSS
RPRRRPRRRPRRRPRRSSSSSSSSSSSSSSSS
RPRRRPRPPSPPPSPPPSPPPPPPPPPPPPPP
RPPSPPPSPPPSPPPSPPPSPPPSPPPSPPSS
RPRRRPRRRPRRRPRRRPRRRPRRRPRRPSPS
RPRRRPRRRPRRRPRRRPRRRPRRPSPPSSSS
RPRRRPRPPSSSSSSSSSSSSSSSSSSSSSSS
RPRRRPRRRPRPPSPSSSSSSSSSSSSSSSSS
RPPSPPPSPPPSPPPPPPPPPPPPPPPPPPPP
RPRRRPRRRPRRRPRRRPRPPSPPPSPSSSSS
RPRRRPRRRPRRRPPSPPPSSSSSSSSSSSSS
RPRRPSPPPSPPPSPPSSSSSSSSSSSSSSSS
RPRRRPRRRPRRRPRRRPRRRPRRRPPSSSSS
RPRRRPRRRPRRRPRPPSPPPSPPPSPSSSSS
RPRRRPRRRPRRRPRRRPPSPPPSPPPSPPPP
RPRRRPRRPSPPSSSSSSSSSSSSSSSSSSSS
RPRRRPRRRPRRRPRRRPRRRPRPPSPPPSSS
RPRRRPPSPPPSPPPSPPPSPPPSPPPSSSSS
RPRRRPRRRPRRRPRRRPRRRPRRRPPSPPPP
RPRRRPRRRPRPPSPPPSPPPSPPPSPPPSPP
RPRRRPRRRPRRRPRRRPRRRPRPPSPPPSPS
RPRRRPRRRPRRRPRRRPRPPSSSSSSSSSSS
RPRRRPRRRPRRRPRRRPRRPSPPPSPPSSSS
RPRRRPRRRPRRRPRRRPRRRPRRRPPSPPPS
RPRRRPRRRPRRRPRPPSPPPSPPPSPSSSSS
RPRRRPRRRPPSPPPSPSSSSSSSSSSSSSSS
RPRPPSPPPSPPPSPPPSPPPSPPSSSSSSSS
RPRRRPRRRPRRRPRRRPRRPSPSSSSSSSSS
RPRRRPRRRPRRRPRRRPRPPSPPSSSSSSSS
RPRRRPRPPSPPPSPPSSSSSSSSSSSSSSSS
RPRRRPRRRPRPSSSSSSSSSSSSSSSSSSSS
RPRRRPRRRPRRRPRRRPRRPSPPSSSSSSSS
RPRRRPRRRPRRRPRRRPRRPSPPPSPPPPPP
RPRRRPRRRPRRRPRRSSSSSSSSSSSSSSSS
