PRRRRRRRRRRRRRRRPRPRPSPPSSSSSSSS
PRRRRRRRPRRRPRPRPSPPPSSSSSSSSSSS
PRRRRRRRRRRRRRRRPRRRRRSSSSSSSSSS
PRRRRRRRRRRRRRRRPRRRRRRRPSPPPPPP
PRRRRRRRRRRRRRRRPRPRPSPPPSPSSSSS
PRRRRRRRRRRRRRRRPRRRPRPRPSPPPSPS
PRRRRRRRRRRRRRRRPRRRRRRRPRRRPSPP
PRPRPSPPPSPPPSPPPSPPPSPPSSSSSSSS
PRRRRRRRRRRRRRRRPRRRPRPRPSPPPSPP
PRRRRRRRRRRRRRRRPRRRPSPPPSPSSSSS
PRRRRRRRRRRRRRRRPRPRSSSSSSSSSSSS
PRRRRRRRPRRRPRPSPPPSPPPSPPPSPSSS
PRRRRRRRPRRRPRPRPSPPPSPPPSPPPSSS
PRRRRRRRRRRRRRRRPRRRRRRRPRRSSSSS
PRRRRRRRRRRRRRRRPRRRRRRRPRRRPRPS
PRRRRRRRRRRRRRRRPRPRPSPPPSPSSSSS
PRRRRRRRRRRRRRRRPRRRRSSSSSSSSSSS
PRRRRRRRRRRRRRRRPRRRRRRRPRRSSSSS
PRRRRRRRRRRRRRRRPRRRRRRRPRPSPPPP
PRRRRRRRRRRRRRRRPRRRRRRRPRPSPPSS
PRRRPRPRPSPPPSPPPSPSSSSSSSSSSSSS
PRRRRRRRRRRRRRRRPRRRRRRRPSPPSSSS
PRRRRRRRPRPRPSPPPSPSSSSSSSSSSSSS
PRRRRRRRRRRRRRRRPRRRRRRRPSPPPSPP
PRRRRRRRPRRRPRPSPPPSPSSSSSSSSSSS
PRRRRRRRRRRRRRRRPRRRPSPPSSSSSSSS
PRRRRRRRPRRRPSPPPSPPSSSSSSSSSSSS
PRRRPSPPPSPPPSPPSSSSSSSSSSSSSSSS
PRRRRRRRRRRRRRRRPRPRSSSSSSSSSSSS
PRRRRRRRRRRRRRRRPRRRPRRRPSSSSSSS
PRRRPRPRPSPPSSSSSSSSSSSSSSSSSSSS
PRRRRRRRRRRRRRRRPRRRRRRRSSSSSSSS
PRRRRRRRRRRRRRRRPRPRPSSSSSSSSSSS
PRRRRRRRPRRRRRRRPSPPPSPPPSSSSSSS
PRPSPPPPPPPPPPPPPPPPPPPPPPPPPPPP
PRRRRRRRRRRRRRRRPRRRRRRRPRPRPSPS
PRRRRRSSSSSSSSSSSSSSSSSSSSSSSSSS
PRPRPSPPPSPPPSSSSSSSSSSSSSSSSSSS
PRRRRRRRRRRRRRRRPRPRPSPSSSSSSSSS
PRRRRRRRRRRRRRRRPRRRRRRRPRPSPPPS
PRRRRRRRRRRRRRRRPSPPPSPPPSPPPPPP
PRRRRRRRPSPPPSPPPSPPPSPPPSSSSSSS
PRRRRRRRRRRRRRRRPRRRPRPRPSPPPPPP
PRRRRRRRPRRRPRPSPPPSPPPSPPPSPPSS
PRRRRRRRRRRRRRRRPRRRPRRSSSSSSSSS
PRRRRRRRRRRRRRRRPRRRRRRRPRSSSSSS
PRRRRRRRPRRRSSSSSSSSSSSSSSSSSSSS
PRRRRRRRRRRRRRRRPRRRRRRRPRPSPPSS
PRPSPPPSSSSSSSSSSSSSSSSSSSSSSSSS
PRRRRRRRRRRRRRRRPRRRRRRRSSSSSSSS
