PRRRRRRRRRRRRRRRPRRRPRRSSSSSSSSS
PRPSPPPSPPPSPPPSPPSSSSSSSSSSSSSS
PRRRRRRRRRRRRRRRPRRRRRRRPRRRPSPS
PRRRPSPPSSSSSSSSSSSSSSSSSSSSSSSS
PRRRRRRRRRRRRRRRPRRRRRRRPRPRPSSS
PRRRPRRRPSPPPSPSSSSSSSSSSSSSSSSS
PRRRRRRRRRRRRRRRPRRRRRRRPRRRPSSS
PRRRRRRRRRRRRRRRPRPSPPPSPPPSPSSS
PRRRRRRRRRRRRRRRPRPSPPPSPPSSSSSS
PRRRRRRRRRRRRRRRPRRRPRRRPSPPPSPS
PRPSPPPSPPPSPPPSPPPSPPPSSSSSSSSS
PRRRPSPPPSSSSSSSSSSSSSSSSSSSSSSS
PRRRRRRRRSSSSSSSSSSSSSSSSSSSSSSS
PRRRRRRRRRRRRRRRPRRRPRPSPPPSPPPS
PRRRRRRRRRRRRRRRPRRRRRRRPRRRPRSS
PRRRRRRRPRPRPSPPPSPPPSPPPSSSSSSS
PRRRRRRRRRRRSSSSSSSSSSSSSSSSSSSS
PRRRRRRRPRRRPRPSPPPSPPPPPPPPPPPP
PRRRPSPPPSPPPSPPPSPSSSSSSSSSSSSS
PRRRRRRRRRRRRRRRPRRRRRRRPRPRSSSS
PRRRRRRRPRRRPSPPPSPPPSPPPSPPPPPP
PRRRRRRRRRRRRRRRPRPRPSPSSSSSSSSS
PRRRRRRRRRRRRRRRPRRRPRSSSSSSSSSS
PRRRRRRRPRRRPRPRPSPPPPPPPPPPPPPP
PRRRRRRRRRRRRRRRPRPRPSPPPSPPPPPP
PRRRRRRRRRRRRRRRPRRRRRRRPRSSSSSS
PRRRRRRRPRRRRRRRPSPPPSPPPSPPPSPP
PRRRRRRRRRRRRRRRPRRRPRRRPSPPPPPP
PRRRRRRRPRRRPRPSPPPSPPPSPPPSPPSS
PRRRRRRRPRRRRRRRPSPPPSPSSSSSSSSS
PRRRRRRRRRRRRRRRPRPSPPSSSSSSSSSS
PRRRRRRRRRRRRRRRPRRRPRPRPSSSSSSS
PRRRRRRRPRPRPSPPPSSSSSSSSSSSSSSS
PRRRRRRRRRRRRRRRPRRRPRSSSSSSSSSS
PRRRRRRRRRRRRRRRPSPPPSPPPSPPPPPP
PRRRPRPRPSPPPSPPPSPPPSPPPSPPPPPP
PRRRPRPRPSPPPSPPPSPPPSPPPSPSSSSS
PRRRRRRRPRRRPSPPPPPPPPPPPPPPPPPP
PRRRRRRRRRRRRRRRPRPSPPPSPPPSPPPP
PRRRRRRRRRRRRRRRPRRRPRSSSSSSSSSS
PRRRRRRRRRRRRRRRSSSSSSSSSSSSSSSS
PRRRRRRRPRRRPRPSPPPPPPPPPPPPPPPP
PRRRRRRRRRRRRRRRPRRRPRPSPSSSSSSS
PRRRRRRRRRRRRRRRPRPSPSSSSSSSSSSS
PRRRRRRRRRRRRRRRPRRRPRRRPSPPSSSS
PRRRRRRRRRRRRRRRPRRRRRSSSSSSSSSS
PRRRRRRRRRRRRRRRPSPPPSSSSSSSSSSS
PRPRPSPPPSPPPSPPPSPPPSPPPSPPSSSS
PRRRRRRRPRRRPRRRSSSSSSSSSSSSSSSS
PRRRRRRRRRRRRRRRPRRRPRPRPSPPPSPS
